
****** PlanAhead v14.7 (64-bit)
  **** Build 321239 by xbuild on Fri Sep 27 19:29:51 MDT 2013
    ** Copyright 1986-1999, 2001-2013 Xilinx, Inc. All Rights Reserved.

INFO: [Common 17-78] Attempting to get a license: PlanAhead
INFO: [Common 17-290] Got license for PlanAhead
INFO: [Device 21-36] Loading parts and site information from E:/ISE/14.7/ISE_DS/PlanAhead/data/parts/arch.xml
Parsing RTL primitives file [E:/ISE/14.7/ISE_DS/PlanAhead/data/parts/xilinx/rtl/prims/rtl_prims.xml]
Finished parsing RTL primitives file [E:/ISE/14.7/ISE_DS/PlanAhead/data/parts/xilinx/rtl/prims/rtl_prims.xml]
start_gui
source {E:/ISE PROJECT/NE555FINAL/pa.fromHdl.tcl}
# create_project -name NE555FINAL -dir "E:/ISE PROJECT/NE555FINAL/planAhead_run_2" -part xc3s50antqg144-5
# set_param project.pinAheadLayout yes
# set srcset [get_property srcset [current_run -impl]]
# set_property target_constrs_file "top.ucf" [current_fileset -constrset]
Adding file 'E:/ISE PROJECT/NE555FINAL/top.ucf' to fileset 'constrs_1'
# set hdlfile [add_files [list {../NE555 FINAL CODE/count.v}]]
# set_property file_type Verilog $hdlfile
# set_property library work $hdlfile
# set hdlfile [add_files [list {../NE555 FINAL CODE/top.v}]]
# set_property file_type Verilog $hdlfile
# set_property library work $hdlfile
# set_property top top $srcset
# add_files [list {top.ucf}] -fileset [get_property constrset [current_run]]
# open_rtl_design -part xc3s50antqg144-5
Using Verific elaboration
Parsing VHDL file "E:/ISE/14.7/ISE_DS/PlanAhead/data/parts/xilinx/rtl/lib/synplify/synattr.vhd" into library synplify
Analyzing Verilog file "E:/ISE PROJECT/NE555 FINAL CODE/count.v" into library work
Analyzing Verilog file "E:/ISE PROJECT/NE555 FINAL CODE/top.v" into library work
INFO: [Designutils 20-910] Reading macro library E:/ISE/14.7/ISE_DS/PlanAhead/data\./parts/xilinx/spartan3a/hd_int_macros.edn
Parsing EDIF File [E:/ISE/14.7/ISE_DS/PlanAhead/data\./parts/xilinx/spartan3a/hd_int_macros.edn]
Finished Parsing EDIF File [E:/ISE/14.7/ISE_DS/PlanAhead/data\./parts/xilinx/spartan3a/hd_int_macros.edn]
Loading clock regions from E:/ISE/14.7/ISE_DS/PlanAhead/data\parts/xilinx/spartan3a/spartan3a/xc3s50an/ClockRegion.xml
Loading clock buffers from E:/ISE/14.7/ISE_DS/PlanAhead/data\parts/xilinx/spartan3a/spartan3a/xc3s50an/ClockBuffers.xml
Loading package from E:/ISE/14.7/ISE_DS/PlanAhead/data\parts/xilinx/spartan3a/spartan3a/xc3s50an/tqg144/Package.xml
Loading io standards from E:/ISE/14.7/ISE_DS/PlanAhead/data\./parts/xilinx/spartan3a/IOStandards.xml
INFO: [Device 21-19] Loading pkg sso from E:/ISE/14.7/ISE_DS/PlanAhead/data\parts/xilinx/spartan3a/spartan3a/xc3s50an/tqg144/SSORules.xml
Loading list of drcs for the architecture : E:/ISE/14.7/ISE_DS/PlanAhead/data\./parts/xilinx/spartan3a/drc.xml
INFO: [Timing 38-77] Reading timing library E:/ISE/14.7/ISE_DS/PlanAhead/data\parts/xilinx/spartan3a/spartan3a/spartan3a-5.lib.
INFO: [Timing 38-34] Done reading timing library E:/ISE/14.7/ISE_DS/PlanAhead/data\parts/xilinx/spartan3a/spartan3a/spartan3a-5.lib.
Parsing UCF File [E:/ISE PROJECT/NE555FINAL/top.ucf]
Finished Parsing UCF File [E:/ISE PROJECT/NE555FINAL/top.ucf]
INFO: [Project 1-111] Unisim Transformation Summary:
No Unisim elements were transformed.

Phase 0 | Netlist Checksum: 3d494c5d
open_rtl_design: Time (s): elapsed = 00:00:05 . Memory (MB): peak = 604.438 ; gain = 99.484
update_compile_order -fileset sim_1
exit
ERROR: [Common 17-39] 'stop_gui' failed due to earlier errors.
INFO: [Common 17-206] Exiting PlanAhead at Tue Nov 01 19:09:24 2022...
INFO: [Common 17-83] Releasing license: PlanAhead
